===================================================================================
SLURM Job ID:            7328865
Submit time:             Sat Apr 04 20:24:04 BST 2026 (Unix Epoch time: 1775330644)
Start time:              Sat Apr 04 20:24:20 BST 2026 (Unix Epoch time: 1775330660)
No. nodes:               1
No. tasks:               8
Job name:                ANTCEN_8c
Account:                 teaching
QoS:                     teaching
Partition (queue):       teaching
Submit directory:        /users/yyb25113/CH934/8_Cores
Script name:             /users/yyb25113/CH934/8_Cores/CH934_8C_A.sh
Master node:             wee20
Nodes used:              wee20
Task distribution:       
===================================================================================

Job started at: Sat Apr  4 20:24:20 BST 2026
Hostname: wee20.hpc.strath.ac.uk
Working directory: /users/yyb25113/CH934/8_Cores
Job ID: 7328865
Requested cores: 8
Job finished at: Sat Apr  4 20:25:09 BST 2026
Elapsed seconds: 49
===================================================================================
SLURM job 7328865 ended:     Sat Apr 04 20:25:09 BST 2026 (Unix Epoch time: 1775330709)
This is an estimated end time using the 'date' command from node wee20.hpc.strath.ac.uk
For accurate timings, use 'sacct -j 7328865 -X --format=Submit,Start,End,Elapsed'
======================================================================================
