===================================================================================
SLURM Job ID:            7328834
Submit time:             Sat Apr 04 19:37:52 BST 2026 (Unix Epoch time: 1775327872)
Start time:              Sat Apr 04 19:38:16 BST 2026 (Unix Epoch time: 1775327896)
No. nodes:               1
No. tasks:               4
Job name:                PENCEN_4c
Account:                 teaching
QoS:                     teaching
Partition (queue):       teaching
Submit directory:        /users/yyb25113/CH934/4_Cores
Script name:             /users/yyb25113/CH934/4_Cores/CH934_4C_P.sh
Master node:             wee20
Nodes used:              wee20
Task distribution:       
===================================================================================

Job started at: Sat Apr  4 19:38:17 BST 2026
Hostname: wee20.hpc.strath.ac.uk
Working directory: /users/yyb25113/CH934/4_Cores
Job ID: 7328834
Requested cores: 4
Job finished at: Sat Apr  4 19:41:35 BST 2026
Elapsed seconds: 198
===================================================================================
SLURM job 7328834 ended:     Sat Apr 04 19:41:35 BST 2026 (Unix Epoch time: 1775328095)
This is an estimated end time using the 'date' command from node wee20.hpc.strath.ac.uk
For accurate timings, use 'sacct -j 7328834 -X --format=Submit,Start,End,Elapsed'
======================================================================================
