===================================================================================
SLURM Job ID:            7328868
Submit time:             Sat Apr 04 20:26:46 BST 2026 (Unix Epoch time: 1775330806)
Start time:              Sat Apr 04 20:27:10 BST 2026 (Unix Epoch time: 1775330830)
No. nodes:               1
No. tasks:               8
Job name:                PENCEN_8c
Account:                 teaching
QoS:                     teaching
Partition (queue):       teaching
Submit directory:        /users/yyb25113/CH934/8_Cores
Script name:             /users/yyb25113/CH934/8_Cores/CH934_8C_P.sh
Master node:             wee20
Nodes used:              wee20
Task distribution:       
===================================================================================

Job started at: Sat Apr  4 20:27:10 BST 2026
Hostname: wee20.hpc.strath.ac.uk
Working directory: /users/yyb25113/CH934/8_Cores
Job ID: 7328868
Requested cores: 8
Job finished at: Sat Apr  4 20:29:05 BST 2026
Elapsed seconds: 115
===================================================================================
SLURM job 7328868 ended:     Sat Apr 04 20:29:05 BST 2026 (Unix Epoch time: 1775330945)
This is an estimated end time using the 'date' command from node wee20.hpc.strath.ac.uk
For accurate timings, use 'sacct -j 7328868 -X --format=Submit,Start,End,Elapsed'
======================================================================================
